Calculating Correlation function with the following parameters
data file=
Users/rohin/Downloads/DR7-Full.ascii
random file=
/Users/rohin/Downloads/random-DR7-Full.ascii
Random catalog size factor(if random file is None)=
2
mask/window file=
None
Cosmology=
lc
Geometry=
open
Correl estimator=
ls
Weights=
True
Using ones as weights?=
True
-----------------------------------------
Invalid File Path, File Doesn't exist
Reading column data from input file...
Calculating Correlation function with the following parameters
data file=
/Users/rohin/Downloads/DR7-Full.ascii
random file=
/Users/rohin/Downloads/random-DR7-Full.ascii
Random catalog size factor(if random file is None)=
2
mask/window file=
None
Cosmology=
lc
Geometry=
open
Correl estimator=
ls
Weights=
True
Using ones as weights?=
True
-----------------------------------------
Entered ascii data file
      ra            dec           z          M_g       ...  ilss  icomb  sector
------------- --------------- --------- -------------- ... ------ ------ ------
56.1604523761 -0.221359772462 0.4501842 -22.0970516205 ...  32763  33480    784
 58.247844859  0.216329004672 0.3671646 -21.8688602448 ... 303471 311902   3790
 54.445380928  0.619974218725 0.4133244 -21.7306137085 ...  43630  44552    779
54.4879828915  0.485825651457 0.3224697 -21.8775806427 ...  43622  44544    779
54.4932987631  0.483249792951 0.3226457 -21.6763000488 ...  43622  44544    779
55.5558858448  0.582441686132 0.2334688 -21.5131568909 ...  43723  44650    784
55.5686146471  0.608277412471 0.3136448 -21.5073776245 ...  43727  44654    784
55.5972002797  0.434026434704 0.3517163 -21.5829257965 ...  43731  44658    784
55.7617273511  0.495315330472  0.403208 -21.3501148224 ...  43740  44667    784
55.8125115924  0.521042073319 0.3769101 -21.6775398254 ...  43740  44667    784
          ...             ...       ...            ... ...    ...    ...    ...
162.115406511   9.12498011516 0.2217769 -21.5991649628 ... 322639 331488   3787
162.204837648     9.136054829 0.2285027 -21.6524200439 ... 633991 650894   3789
162.407014385   9.24223618476 0.2233595 -21.6275596619 ... 633995 650898   3789
162.631596919   9.11224932272 0.3507926 -21.7870635986 ... 633997 650900   3789
162.792857827   9.06585769142 0.2211935 -22.1479187012 ... 634001 650905   8537
162.752716952   9.23526068256 0.3132616 -21.6552429199 ... 634000 650903   3789
162.013077975   9.58703483653 0.2450086 -21.6949653625 ... 323046 331902   3787
162.142350287   9.94163874778 0.3369665 -21.4902000427 ... 634079 650985   3788
162.160914924   9.86128115397 0.3681125 -21.9206676483 ... 634079 650985   3788
162.249397448   9.95005411419 0.2213098 -21.5619354248 ... 634081 650987   3789
 162.61877369    9.9153390136 0.3470703 -21.6079502106 ... 634087 650993   3789
Length = 105831 rows
Reading column data from input file...
Calculating comoving distances (parallelized)...
Preparing data into 3xN matrices in [s,rar,decr] format...
Entered ascii random file
    ra        dec           z        ... radial_weight  ilss  sector
---------- ---------- -------------- ... ------------- ------ ------
 37.837993  -0.620067 0.434325183323 ...     1.9245105  28631    731
209.089259  17.276521 0.293264526407 ...     0.8479636 607527   8282
258.464939  28.215748 0.222745622664 ...     0.6556018 198135   2379
183.927141  37.379032 0.279300679012 ...     0.8456514 467698   6459
170.682777   1.206543 0.324714480804 ...     0.7245049  79476    323
172.780433  32.981495 0.365299949597 ...     0.8547112 519743   6242
154.275288  32.160072 0.431968131217 ...     1.8769492 498622   6159
187.272243  16.128839 0.276107122388 ...     0.8420024 447212   5607
130.655784   38.45825  0.24184703025 ...     0.7172192 213332   2595
146.681736  53.845964 0.270847363546 ...     0.8337895 186263   2179
       ...        ...            ... ...           ...    ...    ...
 22.479891 -10.801148 0.380024622383 ...     1.0150516 633791   8531
241.167565  43.744758 0.376247489987 ...     0.9697376 314251   3461
202.263266  39.420732 0.436820156293 ...     1.9828783 460703   6262
165.964837  38.414029 0.341468243467 ...     0.6966011 454805   6352
 136.73796   6.622873 0.275895799732 ...     0.8417385 274980   3533
158.155643  25.049336 0.320891038241 ...     0.7473872 547685   7526
148.921972   8.516993 0.394642349185 ...      1.215809 322837   3762
203.894397  24.951558 0.232126872237 ...     0.6693692 586967   8270
229.837284  32.709686 0.292154853172 ...     0.8494877 306299   4524
132.839805  35.648184 0.186593658737 ...     0.5771589 242314   2914
192.403007  43.611771 0.307947945237 ...     0.8167511 352971   4240
Length = 1664948 rows
Reading column data from input file...
Calculating comoving distances (parallelized)...
Preparing random into 3xN matrices in [s,rar,decr] format...
Creating BallTree for data points using input metric...
Creating BallTree for random points using input metric...
Calculating 2pCF...
Calculating DD with weights (parallelized)...
 DD=
[   82630.   140947.   219734.   324169.   449165.   600070.   774421.
   973721.  1192012.  1432198.  1694294.  1976943.  2284860.  2609602.
  2954816.  3316500.  3682651.  4064005.  4452403.  4849528.  5236763.
  5621383.  5984597.  6315877.  6615140.  6844048.  7004876.  7061128.
  7022967.]
Calculating DR with weights (parallelized)...
 DR=
[  5.34875500e+05   1.41837600e+06   2.70993250e+06   4.39316000e+06
   6.45233750e+06   8.87713150e+06   1.16587515e+07   1.47916825e+07
   1.82655780e+07   2.20654435e+07   2.61971595e+07   3.06460305e+07
   3.54012315e+07   4.04511370e+07   4.57857235e+07   5.14004580e+07
   5.72929840e+07   6.34028990e+07   6.97183290e+07   7.61049225e+07
   8.23785785e+07   8.83733910e+07   9.37889635e+07   9.83829840e+07
   1.01682368e+08   1.03059684e+08   1.01353685e+08   9.48935665e+07
   8.22260880e+07]
Calculating RD with weights...
 RD=
[  5.34875500e+05   1.41837500e+06   2.70992500e+06   4.39313100e+06
   6.45226850e+06   8.87702100e+06   1.16585330e+07   1.47913530e+07
   1.82650345e+07   2.20644125e+07   2.61945380e+07   3.06391745e+07
   3.53857190e+07   4.04178085e+07   4.57191740e+07   5.12704225e+07
   5.70527940e+07   6.29941180e+07   6.90889300e+07   7.52341940e+07
   8.13221110e+07   8.73145520e+07   9.30358770e+07   9.83527220e+07
   1.02986178e+08   1.06769724e+08   1.09366560e+08   1.10511636e+08
   1.10097572e+08]
Calculating RR with weights (parallelized)...
 RR=
